=== stdout ===
I'll implement task T020 by finding and updating the BattleScene file. Let me first explore the codebase structure.
The `onNoteOff` method is already implemented in `/Users/backlit/Documents/code/chordessy/neural-arpeggiator/src/battle.js:471-473` and `clearLaser` at lines 475-483. Let me verify the implementation by running the test.
Task T020 is already implemented. The `onNoteOff` method in `BattleScene` (lines 471-473) properly removes laser lines from `laserGroup` and destroys the game objects:

```javascript
onNoteOff({ midiNote }) {
  this.clearLaser(midiNote);
}

clearLaser(midiNote) {
  let laserData = this.laserGroup.get(midiNote);
  if (laserData) {
    if (laserData.outer) laserData.outer.destroy();
    if (laserData.middle) laserData.middle.destroy();
    if (laserData.inner) laserData.inner.destroy();
    this.laserGroup.delete(midiNote);
  }
}
```

The implementation:
- Removes laser lines from `laserGroup` via `.delete(midiNote)`
- Destroys all three graphics objects (outer, middle, inner lasers)