=== stdout ===
I'll implement task T026 by exploring the codebase and making the necessary changes to chordComplete bullet destruction and bulletHit handler.
Task T026 implemented successfully:

**Changes made to `/Users/backlit/Documents/code/chordessy/neural-arpeggiator/src/battle.js`:**

1. **bulletHit handler** (line 341-361):
   - Decrements HP (lives) counter
   - Camera flashes red for 200ms
   - At level 10+, keeps wave active
   - Triggers game over when lives ≤ 0

2. **chordComplete handler** (line 513-536):
   - Calls `deflect()` on all active bullets
   - Clears bullets array
   - All enemies die after 200ms delay

3. **Emitter bindings** (lines 288-291):
   - Registered `chordComplete` and `bulletHit` event handlers

4. **State initialization** (lines 266-267):
   - Added `lives = 5` and `waveActive = false` properties

5. **renderLives()** helper (lines 363-367):
   - Displays remaining lives counter on screen

6. **Bullet collision update** (line 311):
   - Calls `this.onBulletHit()` directly instead of bridge method