=== stdout ===
All 16 required properties are present in the `battleState` object at `battle.js:280-297`:

- `running` ✓
- `tier` ✓
- `wave` ✓
- `level` ✓
- `score` ✓
- `hp` ✓
- `maxHp` ✓
- `combo` ✓
- `bestCombo` ✓
- `wavesCleared` ✓
- `wavesMissed` ✓
- `waveStartTime` ✓
- `progressionMode` ✓
- `currentProgression` ✓
- `progressionIndex` ✓
- `bulletSpeed` ✓

The implementation is in the correct location (`neural-arpeggiator/src/battle.js`), and the dist file is also updated. Tests passed.

APPROVED