=== stdout ===
I'll help you implement enemy spawn animation speed scaling. Let me first explore the codebase structure to understand how enemy spawning and animations are currently handled.
Now I'll implement the enemy spawn animation speed scaling. Looking at the code, I need to:

1. Add a method to calculate spawn animation duration based on level
2. Modify `spawnAnimation()` to accept a level parameter
3. Update `spawnEnemies()` to pass the level when calling `spawnAnimation()`
I see the issue. Let me verify the changes were saved correctly:
Great! The implementation is complete. Let me verify everything is working:
T046 implementation complete! I've successfully implemented enemy spawn animation speed scaling with:

**Changes made:**

1. **Added `getSpawnAnimationDuration(level)` method** (battle.js:910-913):
   - Returns 300ms for levels ≥ 10 (higher levels)
   - Returns 500ms for levels < 10 (lower levels)

2. **Modified `spawnAnimation()` method** (battle.js:1088):
   - Added `duration` parameter (default 500ms)
   - Uses dynamic duration in tween instead of hardcoded 500ms

3. **Updated `spawnEnemies()` method** (battle.js:441,467):
   - Calculates spawn duration based on level
   - Passes dynamic duration to enemy spawn animation

4. **Created comprehensive tests** (`tests/spawn-animation-speed-scaling.test.js`):
   - All 12 tests passing
   - Validates level-based scaling and implementation

**Behavior:**
- Levels 1-9: Enemies drop in at 500ms (slower)
- Levels 10+: Enemies drop in at 300ms (faster)

This creates faster enemy appearance at higher difficulty levels while maintaining proper visual feedback.