=== stdout ===
Based on my analysis of the codebase, I'll implement the game over screen with the required elements. Let me update the HTML, CSS, and JavaScript files.
The tests are for the wrong game (chord trainer, not battle). Let me check if there are battle-specific tests:
The implementation is complete. Let me verify all elements are in place:
Implementation complete. The game over screen now includes:

**HTML Changes** (`battle.html`):
- Gradient "Game Over" title with `.game-over-title.gradient-title` class
- Large final score display with `.final-score-section` and `.final-score-value` (72px)
- Stats row with 4 items: Waves Cleared, Damage Taken, Best Combo, Level Reached
- "Play Again" button (existing, with event listener)
- "Try Chord Trainer" link (optional)

**CSS Changes** (`battle.css`):
- Gradient title styling (red gradient: `#ff6b6b` → `#ee5a24` → `#c0392b`)
- Large final score styling with yellow glow (72px font)
- Stats row layout with `.stat-item`, `.stat-label`, and `.stat-value`
- Chord trainer link styling with cyan hover effect

**JavaScript Changes** (`battle.js`):
- `onGameOver()` now populates all 4 stat values:
  - `stat-waves-cleared` ← `battleState.wavesCleared`
  - `stat-damage-taken` ← `battleState.wavesMissed`
  - `stat-best-combo` ← `battleState.bestCombo`
  - `stat-level-reached` ← `battleState.level`
- Event listeners for restart and menu buttons