=== stdout ===
**APPROVED**

The implementation is solid. Here's my assessment:

**Correctness:**
- All external API dependencies (`C.buildKeyboard`, `C.setupAudio`, `C.setupMidi`, `C.getRandomChord`, `C.chordToMidiNotes`, `C.pitchClassesMatch`, `C.NOTE_NAMES`, `C.MIN_NOTE`, `C.MAX_NOTE`) are verified to exist in `shared.js` and `chords-db.js` with matching signatures.
- MIDI callback registration (`onNoteOn`, `onNoteOff`, `getInputs`) matches the API surface in `shared.js`.
- Audio API (`playNote`, `playChord`) matches the API surface in `shared.js`.

**Game Logic:**
- Game loop (`startGame` -> `nextChord` -> check -> `onCorrect`/`onIncorrect`/`onTimeout`) is complete and well-structured.
- Timer system uses `requestAnimationFrame` with proper cleanup via `cancelAnimationFrame`.
- Scoring: `(BASE_SCORE + timeBonus) * comboMultiplier` with combo capped at 10x - reasonable design.
- Lives system with proper decrement on incorrect/timeout and `gameOver` trigger at 0.
- Level-up every 5 correct chords with decreasing timer duration.
- Wrong cooldown prevents rapid life loss from held notes.

**Input Handling:**
- MIDI, QWERTY, mouse, and touch all converge to `noteOn`/`noteOff` - clean abstraction.
- QWERTY mapping uses lowercase with `e.key.toLowerCase()`, handles `e.repeat`.
- Touch handling correctly tracks multi-touch state and does diff-based on/off.
- Mouse drag across keys supported via `mouseover`/`mouseleave` with `mouseDown` flag.

**Minor observations (not blocking):**
- `nextChord()` recursive call on empty `targetMidi` could theoretically infinite-loop if all chords in a tier fail resolution, but this is an edge case that would indicate a broken chord database, not a game.js bug.
- `showFeedback` clears `feedbackTimeout` but sets a new anonymous timeout rather than reassigning to `state.feedbackTimeout` - the timeout at line 536 is fire-and-forget, which is fine since the overlay is purely visual.
- Exposing `state` directly on `C.game` means external code could mutate it, but this is appropriate for a same-origin game with no security boundary.